Testsuite: Storing key pieces of release information
Tests run: 1, Failures: 3, Errors: 0, Time elapsed: 0.593 sec
------------- Standard Output ---------------
Feature: Storing key pieces of release information
  As a user 
  I want to see key release information captured
  So that I can validate the intended release for an application

--Output from --
  Scenario:                                                    # StoreReleaseInfo.feature:6
    Given a component has observed release information
    When viewing the component detailed history page
    Then it should show "Build Id", "Timestamp", "Annotations"
------------- ---------------- ---------------
------------- Standard Error -----------------

--Output from --------------- ---------------- ---------------

Testcase:  took 0.296 sec
	FAILED
Undefined Step: Given a component has observed release information
cucumber.runtime.UndefinedStepException: Undefined Step: Given a component has observed release information
	at grails.plugin.cucumber.CucumberFormatter.result(CucumberFormatter.groovy:198)
	at cucumber.runtime.Runtime.runStep(Runtime.java:239)
	at cucumber.runtime.model.StepContainer.runStep(StepContainer.java:44)
	at cucumber.runtime.model.StepContainer.runSteps(StepContainer.java:39)
	at cucumber.runtime.model.CucumberScenario.run(CucumberScenario.java:36)
	at cucumber.runtime.model.CucumberFeature.run(CucumberFeature.java:112)
	at grails.plugin.cucumber.Cucumber$_run_closure2.doCall(Cucumber.groovy:58)
	at grails.plugin.cucumber.Cucumber.run(Cucumber.groovy:57)
	at grails.plugin.cucumber.CucumberTestType.runFeatures(CucumberTestType.groovy:103)
	at grails.plugin.cucumber.CucumberTestType.doRun(CucumberTestType.groovy:58)

	FAILED
Undefined Step: When viewing the component detailed history page
cucumber.runtime.UndefinedStepException: Undefined Step: When viewing the component detailed history page
	at grails.plugin.cucumber.CucumberFormatter.result(CucumberFormatter.groovy:198)
	at cucumber.runtime.Runtime.runStep(Runtime.java:239)
	at cucumber.runtime.model.StepContainer.runStep(StepContainer.java:44)
	at cucumber.runtime.model.StepContainer.runSteps(StepContainer.java:39)
	at cucumber.runtime.model.CucumberScenario.run(CucumberScenario.java:36)
	at cucumber.runtime.model.CucumberFeature.run(CucumberFeature.java:112)
	at grails.plugin.cucumber.Cucumber$_run_closure2.doCall(Cucumber.groovy:58)
	at grails.plugin.cucumber.Cucumber.run(Cucumber.groovy:57)
	at grails.plugin.cucumber.CucumberTestType.runFeatures(CucumberTestType.groovy:103)
	at grails.plugin.cucumber.CucumberTestType.doRun(CucumberTestType.groovy:58)

	FAILED
Undefined Step: Then it should show "Build Id", "Timestamp", "Annotations"
cucumber.runtime.UndefinedStepException: Undefined Step: Then it should show "Build Id", "Timestamp", "Annotations"
	at grails.plugin.cucumber.CucumberFormatter.result(CucumberFormatter.groovy:198)
	at cucumber.runtime.Runtime.runStep(Runtime.java:239)
	at cucumber.runtime.model.StepContainer.runStep(StepContainer.java:44)
	at cucumber.runtime.model.StepContainer.runSteps(StepContainer.java:39)
	at cucumber.runtime.model.CucumberScenario.run(CucumberScenario.java:36)
	at cucumber.runtime.model.CucumberFeature.run(CucumberFeature.java:112)
	at grails.plugin.cucumber.Cucumber$_run_closure2.doCall(Cucumber.groovy:58)
	at grails.plugin.cucumber.Cucumber.run(Cucumber.groovy:57)
	at grails.plugin.cucumber.CucumberTestType.runFeatures(CucumberTestType.groovy:103)
	at grails.plugin.cucumber.CucumberTestType.doRun(CucumberTestType.groovy:58)

